[2026-01-19 08:51:26] [MORNING] ==========================================
[2026-01-19 08:51:26] [MORNING] Starting morning collection
[2026-01-19 08:51:26] [MORNING] Running: python3 daily_run.py morning --count 100
Morning collection - 2026-01-19

Fetching 100 recent Form 4 filings...
  Processed 10/100 filings...
  Processed 20/100 filings...
  Processed 30/100 filings...
  Processed 40/100 filings...
  Processed 50/100 filings...
  Processed 60/100 filings...
  Processed 70/100 filings...
  Processed 80/100 filings...
  Processed 90/100 filings...
  Processed 100/100 filings...
Collection Results:
  Filings fetched: 100
  Filings parsed:  100
  Purchases found: 28
  New trades saved: 0
[2026-01-19 08:52:07] [MORNING] Morning collection completed successfully
[2026-01-19 08:52:07] [MORNING] Morning script finished
[2026-01-19 08:52:07] [MORNING] 
[2026-01-19 08:52:21] [EVENING] ==========================================
[2026-01-19 08:52:21] [EVENING] Starting evening pipeline
[2026-01-19 08:52:21] [EVENING] Skipping: Not a trading day
[2026-01-19 08:52:21] [EVENING] Evening script finished (skipped)
[2026-01-19 08:52:21] [EVENING] 
